[02-Nov-2017 06:12:11 UTC] PHP Fatal error:  Uncaught exception 'PDOException' with message 'SQLSTATE[42000]: Syntax error or access violation: 1064 You have an error in your SQL syntax; check the manual that corresponds to your MySQL server version for the right syntax to use near 'ASC' at line 3' in /home/ubuntu/workspace/teamproject/Team_Project/index.php:15
Stack trace:
#0 /home/ubuntu/workspace/teamproject/Team_Project/index.php(15): PDOStatement->execute()
#1 /home/ubuntu/workspace/teamproject/Team_Project/index.php(68): displayCandy()
#2 {main}
  thrown in /home/ubuntu/workspace/teamproject/Team_Project/index.php on line 15
[02-Nov-2017 06:12:24 UTC] PHP Fatal error:  Uncaught exception 'PDOException' with message 'SQLSTATE[42S22]: Column not found: 1054 Unknown column 'ASCE' in 'order clause'' in /home/ubuntu/workspace/teamproject/Team_Project/index.php:15
Stack trace:
#0 /home/ubuntu/workspace/teamproject/Team_Project/index.php(15): PDOStatement->execute()
#1 /home/ubuntu/workspace/teamproject/Team_Project/index.php(68): displayCandy()
#2 {main}
  thrown in /home/ubuntu/workspace/teamproject/Team_Project/index.php on line 15
[05-Nov-2017 06:42:00 UTC] PHP Fatal error:  Uncaught exception 'PDOException' with message 'SQLSTATE[42000]: Syntax error or access violation: 1064 You have an error in your SQL syntax; check the manual that corresponds to your MySQL server version for the right syntax to use near '' at line 2' in /home/ubuntu/workspace/teamproject/Team_Project/candyInfo.php:29
Stack trace:
#0 /home/ubuntu/workspace/teamproject/Team_Project/candyInfo.php(29): PDOStatement->execute()
#1 /home/ubuntu/workspace/teamproject/Team_Project/candyInfo.php(68): getCandyNames()
#2 {main}
  thrown in /home/ubuntu/workspace/teamproject/Team_Project/candyInfo.php on line 29
[05-Nov-2017 06:42:16 UTC] PHP Fatal error:  Uncaught exception 'PDOException' with message 'SQLSTATE[42000]: Syntax error or access violation: 1064 You have an error in your SQL syntax; check the manual that corresponds to your MySQL server version for the right syntax to use near '' at line 2' in /home/ubuntu/workspace/teamproject/Team_Project/candyInfo.php:29
Stack trace:
#0 /home/ubuntu/workspace/teamproject/Team_Project/candyInfo.php(29): PDOStatement->execute()
#1 /home/ubuntu/workspace/teamproject/Team_Project/candyInfo.php(68): getCandyNames()
#2 {main}
  thrown in /home/ubuntu/workspace/teamproject/Team_Project/candyInfo.php on line 29
[05-Nov-2017 06:44:42 UTC] PHP Fatal error:  Uncaught exception 'PDOException' with message 'SQLSTATE[42S22]: Column not found: 1054 Unknown column 'c.brandId' in 'where clause'' in /home/ubuntu/workspace/teamproject/Team_Project/candyInfo.php:28
Stack trace:
#0 /home/ubuntu/workspace/teamproject/Team_Project/candyInfo.php(28): PDOStatement->execute()
#1 /home/ubuntu/workspace/teamproject/Team_Project/candyInfo.php(68): getCandyNames()
#2 {main}
  thrown in /home/ubuntu/workspace/teamproject/Team_Project/candyInfo.php on line 28
[05-Nov-2017 06:46:16 UTC] PHP Fatal error:  Uncaught exception 'PDOException' with message 'SQLSTATE[42000]: Syntax error or access violation: 1064 You have an error in your SQL syntax; check the manual that corresponds to your MySQL server version for the right syntax to use near '' at line 3' in /home/ubuntu/workspace/teamproject/Team_Project/candyInfo.php:29
Stack trace:
#0 /home/ubuntu/workspace/teamproject/Team_Project/candyInfo.php(29): PDOStatement->execute()
#1 /home/ubuntu/workspace/teamproject/Team_Project/candyInfo.php(69): getCandyNames()
#2 {main}
  thrown in /home/ubuntu/workspace/teamproject/Team_Project/candyInfo.php on line 29
[05-Nov-2017 06:46:52 UTC] PHP Fatal error:  Uncaught exception 'PDOException' with message 'SQLSTATE[42000]: Syntax error or access violation: 1064 You have an error in your SQL syntax; check the manual that corresponds to your MySQL server version for the right syntax to use near '=b.' at line 3' in /home/ubuntu/workspace/teamproject/Team_Project/candyInfo.php:29
Stack trace:
#0 /home/ubuntu/workspace/teamproject/Team_Project/candyInfo.php(29): PDOStatement->execute()
#1 /home/ubuntu/workspace/teamproject/Team_Project/candyInfo.php(69): getCandyNames()
#2 {main}
  thrown in /home/ubuntu/workspace/teamproject/Team_Project/candyInfo.php on line 29
[05-Nov-2017 06:53:48 UTC] PHP Warning:  ucfirst() expects parameter 1 to be string, array given in /home/ubuntu/workspace/teamproject/Team_Project/candyInfo.php on line 17
[05-Nov-2017 06:53:48 UTC] PHP Stack trace:
[05-Nov-2017 06:53:48 UTC] PHP   1. {main}() /home/ubuntu/workspace/teamproject/Team_Project/candyInfo.php:0
[05-Nov-2017 06:53:48 UTC] PHP   2. displayCandy() /home/ubuntu/workspace/teamproject/Team_Project/candyInfo.php:70
[05-Nov-2017 06:53:48 UTC] PHP   3. ucfirst() /home/ubuntu/workspace/teamproject/Team_Project/candyInfo.php:17
[05-Nov-2017 06:58:15 UTC] PHP Fatal error:  Uncaught exception 'PDOException' with message 'SQLSTATE[42S02]: Base table or view not found: 1146 Table 'candy.allergy' doesn't exist' in /home/ubuntu/workspace/teamproject/Team_Project/candyInfo.php:48
Stack trace:
#0 /home/ubuntu/workspace/teamproject/Team_Project/candyInfo.php(48): PDOStatement->execute()
#1 /home/ubuntu/workspace/teamproject/Team_Project/candyInfo.php(101): getAllergyName()
#2 {main}
  thrown in /home/ubuntu/workspace/teamproject/Team_Project/candyInfo.php on line 48
